<?xml version="1.0" encoding="UTF-8"?>
<!-- Generated by org.testng.reporters.JUnitReportReporter -->
<testsuite hostname="DESKTOP-HR8D03O" failures="0" tests="6" name="com.TestNG.TestNGPart7" time="0.004" errors="0" timestamp="2024-02-15T17:42:05 IST" skipped="0">
  <testcase classname="com.TestNG.TestNGPart7" name="moto1" time="0.001"/>
  <testcase classname="com.TestNG.TestNGPart7" name="apple1" time="0.001"/>
  <testcase classname="com.TestNG.TestNGPart7" name="apple2" time="0.000"/>
  <testcase classname="com.TestNG.TestNGPart7" name="vivo2" time="0.002"/>
  <testcase classname="com.TestNG.TestNGPart7" name="vivo1" time="0.000"/>
  <testcase classname="com.TestNG.TestNGPart7" name="moto2" time="0.000"/>
</testsuite> <!-- com.TestNG.TestNGPart7 -->
