<?xml version="1.0" encoding="UTF-8"?>
<!-- Generated by org.testng.reporters.JUnitReportReporter -->
<testsuite hostname="DESKTOP-HR8D03O" failures="0" tests="5" name="com.TestNG.TestNGPart2" time="0.010" errors="0" timestamp="2024-02-10T16:20:43 IST" skipped="0">
  <testcase classname="com.TestNG.TestNGPart2" name="startTheCar" time="0.001"/>
  <testcase classname="com.TestNG.TestNGPart2" name="putFirstGear" time="0.000"/>
  <testcase classname="com.TestNG.TestNGPart2" name="putSecondGear" time="0.000"/>
  <testcase classname="com.TestNG.TestNGPart2" name="putThirdGear" time="0.000"/>
  <testcase classname="com.TestNG.TestNGPart2" name="stopTheCar" time="0.009"/>
</testsuite> <!-- com.TestNG.TestNGPart2 -->
