<?xml version="1.0" encoding="UTF-8"?>
<!-- Generated by org.testng.reporters.JUnitReportReporter -->
<testsuite hostname="DESKTOP-HR8D03O" failures="0" tests="2" name="com.LAO.Screenshot" time="22.363" errors="0" timestamp="2024-08-17T18:08:05 IST" skipped="1">
  <testcase classname="com.LAO.Screenshot" name="robotScreenshot" time="22.363"/>
  <testcase classname="com.LAO.Screenshot" name="takesScreenshotExample">
    <skipped/>
  </testcase> <!-- takesScreenshotExample -->
</testsuite> <!-- com.LAO.Screenshot -->
