<?xml version="1.0" encoding="UTF-8"?>
<!-- Generated by org.testng.reporters.JUnitReportReporter -->
<testsuite hostname="DESKTOP-HR8D03O" failures="0" tests="1" name="com.POM.Part1" time="42.286" errors="0" timestamp="2024-03-01T17:18:30 IST" skipped="0">
  <testcase classname="com.POM.Part1" name="pom" time="42.286"/>
</testsuite> <!-- com.POM.Part1 -->
