<?xml version="1.0" encoding="UTF-8"?>
<!-- Generated by org.testng.reporters.JUnitReportReporter -->
<testsuite hostname="DESKTOP-HR8D03O" failures="0" tests="1" name="com.DDF.CorrectPassword" time="18.323" errors="0" timestamp="2024-02-17T18:03:30 IST" skipped="0">
  <testcase classname="com.DDF.CorrectPassword" name="loginWithCorrectPassword" time="18.323"/>
</testsuite> <!-- com.DDF.CorrectPassword -->
