<?xml version="1.0" encoding="UTF-8"?>
<!-- Generated by org.testng.reporters.JUnitReportReporter -->
<testsuite hostname="DESKTOP-HR8D03O" failures="0" tests="1" name="com.POM.Part3" time="27.800" errors="0" timestamp="2024-03-01T23:48:53 IST" skipped="0">
  <testcase classname="com.POM.Part3" name="example" time="27.800"/>
</testsuite> <!-- com.POM.Part3 -->
