<?xml version="1.0" encoding="UTF-8"?>
<!-- Generated by org.testng.reporters.JUnitReportReporter -->
<testsuite hostname="DESKTOP-HR8D03O" failures="0" tests="1" name="com.LAO.FetchGoogleSuggestions" time="27.030" errors="0" timestamp="2024-08-17T21:04:08 IST" skipped="0">
  <testcase classname="com.LAO.FetchGoogleSuggestions" name="fetchGoogleSuggestionsExample" time="27.030"/>
</testsuite> <!-- com.LAO.FetchGoogleSuggestions -->
