<?xml version="1.0" encoding="UTF-8"?>
<!-- Generated by org.testng.reporters.JUnitReportReporter -->
<testsuite hostname="DESKTOP-HR8D03O" failures="0" tests="1" name="com.DDF.BothCorrect" time="24.760" errors="0" timestamp="2024-02-17T18:03:30 IST" skipped="0">
  <testcase classname="com.DDF.BothCorrect" name="loginWithBothCorrect" time="24.760"/>
</testsuite> <!-- com.DDF.BothCorrect -->
