<?xml version="1.0" encoding="UTF-8"?>
<!-- Generated by org.testng.reporters.JUnitReportReporter -->
<testsuite hostname="DESKTOP-HR8D03O" failures="0" tests="4" name="com.TestNG.TestNGPart1" time="0.001" errors="0" timestamp="2024-03-17T15:21:17 IST" skipped="0">
  <testcase classname="com.TestNG.TestNGPart1" name="firstTestCase" time="0.000"/>
  <testcase classname="com.TestNG.TestNGPart1" name="thirdTestCase" time="0.000"/>
  <testcase classname="com.TestNG.TestNGPart1" name="fourthTestCase" time="0.000"/>
  <testcase classname="com.TestNG.TestNGPart1" name="secondTestCase" time="0.001"/>
</testsuite> <!-- com.TestNG.TestNGPart1 -->
