<?xml version="1.0" encoding="UTF-8"?>
<!-- Generated by org.testng.reporters.JUnitReportReporter -->
<testsuite hostname="DESKTOP-HR8D03O" failures="0" tests="2" name="com.TestNG.TestNGPart11" time="0.004" errors="0" timestamp="2024-09-03T15:17:01 IST" skipped="0">
  <testcase classname="com.TestNG.TestNGPart11" name="test" time="0.002"/>
  <testcase classname="com.TestNG.TestNGPart11" name="test2" time="0.002"/>
</testsuite> <!-- com.TestNG.TestNGPart11 -->
