<?xml version="1.0" encoding="UTF-8"?>
<!-- Generated by org.testng.reporters.JUnitReportReporter -->
<testsuite hostname="DESKTOP-HR8D03O" failures="0" tests="1" name="com.LAO.GoogleSuggestionPositionClick" time="17.422" errors="0" timestamp="2024-08-17T21:25:07 IST" skipped="0">
  <testcase classname="com.LAO.GoogleSuggestionPositionClick" name="googleSuggestionPositionClick" time="17.422"/>
</testsuite> <!-- com.LAO.GoogleSuggestionPositionClick -->
