<?xml version="1.0" encoding="UTF-8"?>
<!-- Generated by org.testng.reporters.JUnitReportReporter -->
<testsuite hostname="DESKTOP-HR8D03O" failures="0" tests="3" name="com.TestNG.TestNGPart5" time="84.281" errors="0" timestamp="2024-02-10T16:20:43 IST" skipped="0">
  <testcase classname="com.TestNG.TestNGPart5" name="bing" time="8.297"/>
  <testcase classname="com.TestNG.TestNGPart5" name="google" time="13.156"/>
  <testcase classname="com.TestNG.TestNGPart5" name="yahoo" time="62.828"/>
</testsuite> <!-- com.TestNG.TestNGPart5 -->
