<?xml version="1.0" encoding="UTF-8"?>
<!-- Generated by org.testng.reporters.JUnitReportReporter -->
<testsuite hostname="DESKTOP-HR8D03O" failures="0" tests="5" name="com.TestNG.TestNGPart3" time="0.008" errors="0" timestamp="2024-02-10T16:20:43 IST" skipped="1">
  <testcase classname="com.TestNG.TestNGPart3" name="startTheCar" time="0.003"/>
  <testcase classname="com.TestNG.TestNGPart3" name="putFirstGear" time="0.005"/>
  <testcase classname="com.TestNG.TestNGPart3" name="putSecondGear" time="0.000"/>
  <testcase classname="com.TestNG.TestNGPart3" name="putThirdGear" time="0.000"/>
  <testcase classname="com.TestNG.TestNGPart3" name="stopTheCar">
    <skipped/>
  </testcase> <!-- stopTheCar -->
</testsuite> <!-- com.TestNG.TestNGPart3 -->
