<?xml version="1.0" encoding="UTF-8"?>
<!-- Generated by org.testng.reporters.JUnitReportReporter -->
<testsuite hostname="DESKTOP-HR8D03O" failures="0" tests="1" name="com.POM.Part2" time="42.463" errors="0" timestamp="2024-03-01T18:00:06 IST" skipped="0">
  <testcase classname="com.POM.Part2" name="orangeHrmLogin" time="42.463"/>
</testsuite> <!-- com.POM.Part2 -->
