<?xml version="1.0" encoding="UTF-8"?>
<!-- Generated by org.testng.reporters.JUnitReportReporter -->
<testsuite hostname="DESKTOP-HR8D03O" failures="0" tests="3" name="com.TestNG.TestNGPart4" time="0.016" errors="0" timestamp="2024-03-17T15:26:03 IST" skipped="0">
  <testcase classname="com.TestNG.TestNGPart4" name="engineering" time="0.000"/>
  <testcase classname="com.TestNG.TestNGPart4" name="higherSecondarySchool" time="0.000"/>
  <testcase classname="com.TestNG.TestNGPart4" name="highSchool" time="0.016"/>
</testsuite> <!-- com.TestNG.TestNGPart4 -->
